<?xml version="1.0" encoding="UTF-8"?>
<!-- Generated by org.testng.reporters.JUnitReportReporter -->
<testsuite skipped="0" hostname="XTREME-U3FCDH0J" name="test.TestSearchDiskByName" tests="3" failures="0" timestamp="5 Feb 2017 15:40:06 GMT" time="0.027" errors="0">
  <testcase name="f" time="0.006" classname="test.TestSearchDiskByName"/>
  <testcase name="f" time="0.012" classname="test.TestSearchDiskByName"/>
  <testcase name="f" time="0.009" classname="test.TestSearchDiskByName"/>
</testsuite> <!-- test.TestSearchDiskByName -->
