<?xml version="1.0" encoding="UTF-8"?>
<!-- Generated by org.testng.reporters.JUnitReportReporter -->
<testsuite skipped="0" hostname="XTREME-U3FCDH0J" name="test.TestSearchDiskLessThanPrice" tests="3" failures="0" timestamp="5 Feb 2017 15:02:21 GMT" time="0.024" errors="0">
  <testcase name="f" time="0.004" classname="test.TestSearchDiskLessThanPrice"/>
  <testcase name="f" time="0.015" classname="test.TestSearchDiskLessThanPrice"/>
  <testcase name="f" time="0.005" classname="test.TestSearchDiskLessThanPrice"/>
</testsuite> <!-- test.TestSearchDiskLessThanPrice -->
