<?xml version="1.0" encoding="UTF-8"?>
<!-- Generated by org.testng.reporters.JUnitReportReporter -->
<testsuite skipped="0" hostname="XTREME-U3FCDH0J" name="test.TestSearchBookByAuthor" tests="2" failures="0" timestamp="4 Feb 2017 22:05:37 GMT" time="0.093" errors="0">
  <testcase name="f" time="0.000" classname="test.TestSearchBookByAuthor"/>
  <testcase name="f" time="0.093" classname="test.TestSearchBookByAuthor"/>
</testsuite> <!-- test.TestSearchBookByAuthor -->
