<?xml version="1.0" encoding="UTF-8"?>
<!-- Generated by org.testng.reporters.JUnitReportReporter -->
<testsuite skipped="0" hostname="XTREME-U3FCDH0J" name="test.TestAddBook" tests="2" failures="0" timestamp="4 Feb 2017 22:26:51 GMT" time="0.109" errors="0">
  <testcase name="f" time="0.109" classname="test.TestAddBook"/>
  <testcase name="f" time="0.000" classname="test.TestAddBook"/>
</testsuite> <!-- test.TestAddBook -->
