<?xml version="1.0" encoding="UTF-8"?>
<!-- Generated by org.testng.reporters.JUnitReportReporter -->
<testsuite skipped="0" hostname="XTREME-U3FCDH0J" name="test.TestSearchFilmByName" tests="3" failures="0" timestamp="5 Feb 2017 15:25:35 GMT" time="0.021" errors="0">
  <testcase name="f" time="0.004" classname="test.TestSearchFilmByName"/>
  <testcase name="f" time="0.012" classname="test.TestSearchFilmByName"/>
  <testcase name="f" time="0.005" classname="test.TestSearchFilmByName"/>
</testsuite> <!-- test.TestSearchFilmByName -->
