<?xml version="1.0" encoding="UTF-8"?>
<!-- Generated by org.testng.reporters.JUnitReportReporter -->
<testsuite skipped="0" hostname="XTREME-U3FCDH0J" name="test.TestSearchFilmGreaterThanRating" tests="3" failures="0" timestamp="5 Feb 2017 15:10:58 GMT" time="0.028" errors="0">
  <testcase name="f" time="0.012" classname="test.TestSearchFilmGreaterThanRating"/>
  <testcase name="f" time="0.011" classname="test.TestSearchFilmGreaterThanRating"/>
  <testcase name="f" time="0.005" classname="test.TestSearchFilmGreaterThanRating"/>
</testsuite> <!-- test.TestSearchFilmGreaterThanRating -->
