<?xml version="1.0" encoding="UTF-8"?>
<!-- Generated by org.testng.reporters.JUnitReportReporter -->
<testsuite skipped="0" hostname="XTREME-U3FCDH0J" name="test.TestAddDisk" tests="2" failures="0" timestamp="5 Feb 2017 08:26:51 GMT" time="0.131" errors="0">
  <testcase name="f" time="0.128" classname="test.TestAddDisk"/>
  <testcase name="f" time="0.003" classname="test.TestAddDisk"/>
</testsuite> <!-- test.TestAddDisk -->
